 0   16   0 522 4296.000 0.000 -0.007 0.000
 0   16   1 518 4296.000 0.000 -0.007 0.000
 0   16   2 517 4296.000 0.000 -0.007 0.000
 0   16   3 476 4296.000 0.000 -0.007 0.000
 0   16   4 512 4296.000 0.000 -0.007 0.000
 0   16   5 497 4296.000 0.000 -0.007 0.000
 0   16   6 516 4296.000 0.000 -0.007 0.000
 0   16   7 496 4296.000 0.000 -0.007 0.000
 0   16   8 528 4296.000 0.000 -0.007 0.000
 0   16   9 516 4296.000 0.000 -0.007 0.000
 0   16  10 494 4296.000 0.000 -0.007 0.000
 0   16  11 540 4296.000 0.000 -0.007 0.000
 0   16  12 508 4296.000 0.000 -0.007 0.000
 0   16  13 558 4296.000 0.000 -0.007 0.000
 0   16  14 497 4296.000 0.000 -0.007 0.000
 0   16  15 516 4296.000 0.000 -0.007 0.000
 0   16  16 532 4296.000 0.000 -0.007 0.000
 0   16  17 506 4296.000 0.000 -0.007 0.000
 0   16  18 498 4296.000 0.000 -0.007 0.000
 0   16  19 511 4296.000 0.000 -0.007 0.000
 0   16  20 516 4296.000 0.000 -0.007 0.000
 0   16  21 551 4296.000 0.000 -0.007 0.000
 0   16  22 501 4296.000 0.000 -0.007 0.000
 0   16  23 516 4296.000 0.000 -0.007 0.000
 0   16  24 546 4296.000 0.000 -0.007 0.000
 0   16  25 490 4296.445 9.838 0.438 0.444
 0   16  26 551 4296.000 0.000 -0.007 0.000
 0   16  27 551 4296.000 0.000 -0.007 0.000
 0   16  28 510 4296.000 0.000 -0.007 0.000
 0   16  29 490 4296.000 0.000 -0.007 0.000
 0   16  30 545 4296.000 0.000 -0.007 0.000
 0   16  31 481 4296.000 0.000 -0.007 0.000
 0   16  32 491 4296.000 0.000 -0.007 0.000
 0   16  33 546 4296.000 0.000 -0.007 0.000
 0   16  34 511 4296.000 0.000 -0.007 0.000
 0   16  35 501 4296.000 0.000 -0.007 0.000
 0   16  36 540 4296.000 0.000 -0.007 0.000
 0   16  37 503 4296.000 0.000 -0.007 0.000
 0   16  38 493 4296.000 0.000 -0.007 0.000
 0   16  39 496 4296.000 0.000 -0.007 0.000
 0   16  40 496 4296.000 0.000 -0.007 0.000
 0   16  41 523 4296.000 0.000 -0.007 0.000
 0   16  42 528 4296.000 0.000 -0.007 0.000
 0   16  43 518 4296.000 0.000 -0.007 0.000
 0   16  44 521 4296.000 0.000 -0.007 0.000
 0   16  45 497 4296.000 0.000 -0.007 0.000
 0   16  46 504 4296.000 0.000 -0.007 0.000
 0   16  47 511 4296.000 0.000 -0.007 0.000
 0   16  48 535 4296.000 0.000 -0.007 0.000
 0   16  49 555 4296.000 0.000 -0.007 0.000
 0   16  50 515 4296.000 0.000 -0.007 0.000
 0   16  51 511 4296.000 0.000 -0.007 0.000
 0   16  52 527 4296.000 0.000 -0.007 0.000
 0   16  53 497 4296.000 0.000 -0.007 0.000
 0   16  54 505 4296.000 0.000 -0.007 0.000
 0   16  55 551 4296.000 0.000 -0.007 0.000
 0   16  56 519 4296.000 0.000 -0.007 0.000
 0   16  57 481 4296.000 0.000 -0.007 0.000
 0   16  58 520 4296.000 0.000 -0.007 0.000
 0   16  59 501 4296.000 0.000 -0.007 0.000
 0   16  60 509 4296.000 0.000 -0.007 0.000
 0   16  61 508 4296.000 0.000 -0.007 0.000
 0   16  62 525 4296.000 0.000 -0.007 0.000
 0   16  63 502 4296.000 0.000 -0.007 0.000
 0   16  64 558 4296.000 0.000 -0.007 0.000
 0   16  65 487 4296.000 0.000 -0.007 0.000
 0   16  66 534 4296.000 0.000 -0.007 0.000
 0   16  67 558 4296.000 0.000 -0.007 0.000
 0   16  68 502 4296.000 0.000 -0.007 0.000
 0   16  69 523 4296.000 0.000 -0.007 0.000
 0   16  70 524 4296.000 0.000 -0.007 0.000
 0   16  71 496 4296.000 0.000 -0.007 0.000
 0   16  72 512 4296.000 0.000 -0.007 0.000
 0   16  73 486 4296.000 0.000 -0.007 0.000
 0   16  74 508 4296.000 0.000 -0.007 0.000
 0   16  75 455 4296.000 0.000 -0.007 0.000
 0   16  76 477 4296.000 0.000 -0.007 0.000
 0   16  77 497 4296.000 0.000 -0.007 0.000
 0   16  78 528 4296.000 0.000 -0.007 0.000
 0   16  79 507 4296.000 0.000 -0.007 0.000
 0   16  80 501 4296.000 0.000 -0.007 0.000
 0   16  81 502 4296.000 0.000 -0.007 0.000
 0   16  82 531 4296.000 0.000 -0.007 0.000
 0   16  83 488 4296.000 0.000 -0.007 0.000
 0   16  84 482 4296.000 0.000 -0.007 0.000
 0   16  85 500 4296.000 0.000 -0.007 0.000
 0   16  86 504 4296.000 0.000 -0.007 0.000
 0   16  87 475 4296.000 0.000 -0.007 0.000
 0   16  88 475 4296.000 0.000 -0.007 0.000
 0   16  89 498 4296.000 0.000 -0.007 0.000
 0   16  90 523 4296.000 0.000 -0.007 0.000
 0   16  91 501 4296.000 0.000 -0.007 0.000
 0   16  92 510 4296.000 0.000 -0.007 0.000
 0   16  93 497 4296.000 0.000 -0.007 0.000
 0   16  94 476 4296.000 0.000 -0.007 0.000
 0   16  95 501 4296.000 0.000 -0.007 0.000
 0   16  96 549 4296.000 0.000 -0.007 0.000
 0   16  97 527 4296.000 0.000 -0.007 0.000
 0   16  98 559 4296.000 0.000 -0.007 0.000
 0   16  99 553 4296.000 0.000 -0.007 0.000
 0   16 100 520 4296.000 0.000 -0.007 0.000
 0   16 101 507 4296.000 0.000 -0.007 0.000
 0   16 102 526 4296.000 0.000 -0.007 0.000
 0   16 103 507 4296.426 9.583 0.419 0.426
 0   16 104 495 4296.000 0.000 -0.007 0.000
 0   16 105 508 4296.000 0.000 -0.007 0.000
 0   16 106 515 4296.000 0.000 -0.007 0.000
 0   16 107 524 4296.000 0.000 -0.007 0.000
 0   16 108 519 4296.000 0.000 -0.007 0.000
 0   16 109 491 4296.000 0.000 -0.007 0.000
 0   16 110 527 4296.000 0.000 -0.007 0.000
 0   16 111 514 4296.000 0.000 -0.007 0.000
 0   16 112 486 4296.000 0.000 -0.007 0.000
 0   16 113 531 4296.000 0.000 -0.007 0.000
 0   16 114 510 4296.000 0.000 -0.007 0.000
 0   16 115 485 4296.000 0.000 -0.007 0.000
 0   16 116 536 4296.000 0.000 -0.007 0.000
 0   16 117 484 4296.000 0.000 -0.007 0.000
 0   16 118 527 4296.000 0.000 -0.007 0.000
 0   16 119 556 4296.000 0.000 -0.007 0.000
 0   16 120 514 4296.000 0.000 -0.007 0.000
 0   16 121 517 4296.000 0.000 -0.007 0.000
 0   16 122 489 4296.000 0.000 -0.007 0.000
 0   16 123 548 4296.000 0.000 -0.007 0.000
 0   16 124 529 4296.000 0.000 -0.007 0.000
 0   16 125 515 4296.000 0.000 -0.007 0.000
 0   16 126 478 4296.000 0.000 -0.007 0.000
 0   16 127 501 4296.000 0.000 -0.007 0.000
 0   16 128 537 4296.000 0.000 -0.007 0.000
 0   16 129 542 4296.000 0.000 -0.007 0.000
 0   16 130 518 4296.000 0.000 -0.007 0.000
 0   16 131 499 4296.000 0.000 -0.007 0.000
 0   16 132 486 4296.000 0.000 -0.007 0.000
 0   16 133 533 4296.000 0.000 -0.007 0.000
 0   16 134 449 4296.000 0.000 -0.007 0.000
 0   16 135 490 4296.000 0.000 -0.007 0.000
 0   16 136 443 4296.000 0.000 -0.007 0.000
 0   16 137 466 4296.000 0.000 -0.007 0.000
 0   16 138 491 4296.000 0.000 -0.007 0.000
 0   16 139 525 4296.000 0.000 -0.007 0.000
 0   16 140 446 4296.000 0.000 -0.007 0.000
 0   16 141 545 4296.000 0.000 -0.007 0.000
 0   16 142 489 4296.000 0.000 -0.007 0.000
 0   16 143 546 4296.000 0.000 -0.007 0.000
 0   16 144 553 4296.000 0.000 -0.007 0.000
 0   16 145 520 4296.000 0.000 -0.007 0.000
 0   16 146 477 4296.000 0.000 -0.007 0.000
 0   16 147 484 4296.000 0.000 -0.007 0.000
 0   16 148 492 4296.000 0.000 -0.007 0.000
 0   16 149 546 4296.000 0.000 -0.007 0.000
 0   16 150 522 4296.000 0.000 -0.007 0.000
 0   16 151 529 4296.000 0.000 -0.007 0.000
 0   16 152 535 4296.000 0.000 -0.007 0.000
 0   16 153 497 4296.000 0.000 -0.007 0.000
 0   16 154 526 4296.000 0.000 -0.007 0.000
 0   16 155 531 4296.000 0.000 -0.007 0.000
 0   16 156 480 4296.000 0.000 -0.007 0.000
 0   16 157 525 4296.000 0.000 -0.007 0.000
 0   16 158 528 4296.000 0.000 -0.007 0.000
 0   16 159 550 4296.000 0.000 -0.007 0.000
 0   16 160 518 4296.000 0.000 -0.007 0.000
 0   16 161 505 4296.000 0.000 -0.007 0.000
 0   16 162 538 4296.000 0.000 -0.007 0.000
 0   16 163 528 4296.000 0.000 -0.007 0.000
 0   16 164 487 4296.000 0.000 -0.007 0.000
 0   16 165 495 4296.000 0.000 -0.007 0.000
 0   16 166 501 4296.000 0.000 -0.007 0.000
 0   16 167 512 4296.000 0.000 -0.007 0.000
 0   16 168 501 4296.000 0.000 -0.007 0.000
 0   16 169 515 4296.000 0.000 -0.007 0.000
 0   16 170 490 4296.000 0.000 -0.007 0.000
 0   16 171 532 4296.000 0.000 -0.007 0.000
 0   16 172 507 4296.000 0.000 -0.007 0.000
 0   16 173 520 4296.000 0.000 -0.007 0.000
 0   16 174 521 4296.000 0.000 -0.007 0.000
 0   16 175 520 4296.000 0.000 -0.007 0.000
 0   16 176 516 4296.000 0.000 -0.007 0.000
 0   16 177 508 4296.000 0.000 -0.007 0.000
 0   16 178 507 4296.000 0.000 -0.007 0.000
 0   16 179 515 4296.000 0.000 -0.007 0.000
 0   16 180 514 4296.000 0.000 -0.007 0.000
 0   16 181 502 4296.000 0.000 -0.007 0.000
 0   16 182 520 4296.000 0.000 -0.007 0.000
 0   16 183 540 4296.000 0.000 -0.007 0.000
 0   16 184 518 4296.000 0.000 -0.007 0.000
 0   16 185 519 4296.000 0.000 -0.007 0.000
 0   16 186 511 4296.000 0.000 -0.007 0.000
 0   16 187 514 4296.000 0.000 -0.007 0.000
 0   16 188 530 4296.000 0.000 -0.007 0.000
 0   16 189 534 4296.000 0.000 -0.007 0.000
 0   16 190 511 4296.000 0.000 -0.007 0.000
 0   16 191 498 4296.000 0.000 -0.007 0.000
 0   16 192 498 4296.000 0.000 -0.007 0.000
 0   16 193 556 4296.000 0.000 -0.007 0.000
 0   16 194 517 4296.000 0.000 -0.007 0.000
 0   16 195 468 4296.000 0.000 -0.007 0.000
 0   16 196 480 4296.000 0.000 -0.007 0.000
 0   16 197 523 4296.000 0.000 -0.007 0.000
 0   16 198 512 4296.000 0.000 -0.007 0.000
 0   16 199 491 4296.000 0.000 -0.007 0.000
 0   16 200 512 4296.000 0.000 -0.007 0.000
 0   16 201 539 4296.000 0.000 -0.007 0.000
 0   16 202 486 4296.000 0.000 -0.007 0.000
 0   16 203 549 4296.000 0.000 -0.007 0.000
 0   16 204 542 4296.000 0.000 -0.007 0.000
 0   16 205 531 4296.000 0.000 -0.007 0.000
 0   16 206 487 4296.000 0.000 -0.007 0.000
 0   16 207 511 4296.000 0.000 -0.007 0.000
 0   16 208 518 4296.000 0.000 -0.007 0.000
 0   16 209 498 4296.000 0.000 -0.007 0.000
 0   16 210 558 4296.000 0.000 -0.007 0.000
 0   16 211 471 4296.000 0.000 -0.007 0.000
 0   16 212 490 4296.000 0.000 -0.007 0.000
 0   16 213 552 4296.000 0.000 -0.007 0.000
 0   16 214 478 4296.000 0.000 -0.007 0.000
 0   16 215 489 4296.000 0.000 -0.007 0.000
 0   16 216 490 4296.000 0.000 -0.007 0.000
 0   16 217 518 4296.000 0.000 -0.007 0.000
 0   16 218 498 4296.000 0.000 -0.007 0.000
 0   16 219 527 4296.000 0.000 -0.007 0.000
 0   16 220 498 4296.000 0.000 -0.007 0.000
 0   16 221 526 4296.000 0.000 -0.007 0.000
 0   16 222 557 4296.000 0.000 -0.007 0.000
 0   16 223 476 4296.458 9.982 0.451 0.458
 0   16 224 512 4296.000 0.000 -0.007 0.000
 0   16 225 539 4296.000 0.000 -0.007 0.000
 0   16 226 542 4296.000 0.000 -0.007 0.000
 0   16 227 522 4296.000 0.000 -0.007 0.000
 0   16 228 530 4296.000 0.000 -0.007 0.000
 0   16 229 471 4296.000 0.000 -0.007 0.000
 0   16 230 516 4296.000 0.000 -0.007 0.000
 0   16 231 531 4296.000 0.000 -0.007 0.000
 0   16 232 527 4296.000 0.000 -0.007 0.000
 0   16 233 550 4296.000 0.000 -0.007 0.000
 0   16 234 490 4296.445 9.838 0.438 0.444
 0   16 235 533 4296.000 0.000 -0.007 0.000
 0   16 236 506 4296.000 0.000 -0.007 0.000
 0   16 237 512 4296.000 0.000 -0.007 0.000
 0   16 238 495 4296.000 0.000 -0.007 0.000
 0   16 239 501 4296.000 0.000 -0.007 0.000
 0   16 240 489 4296.000 0.000 -0.007 0.000
 0   16 241 488 4296.000 0.000 -0.007 0.000
 0   16 242 497 4296.000 0.000 -0.007 0.000
 0   16 243 507 4296.000 0.000 -0.007 0.000
 0   16 244 511 4296.000 0.000 -0.007 0.000
 0   16 245 491 4296.000 0.000 -0.007 0.000
 0   16 246 491 4296.000 0.000 -0.007 0.000
 0   16 247 533 4296.000 0.000 -0.007 0.000
 0   16 248 529 4296.000 0.000 -0.007 0.000
 0   16 249 490 4296.000 0.000 -0.007 0.000
 0   16 250 555 4296.000 0.000 -0.007 0.000
 0   16 251 502 4296.000 0.000 -0.007 0.000
 0   16 252 508 4296.000 0.000 -0.007 0.000
 0   16 253 509 4296.000 0.000 -0.007 0.000
 0   16 254 504 4296.000 0.000 -0.007 0.000
 0   16 255 489 4296.000 0.000 -0.007 0.000

