64B line
16KB
2

 0   16   0 522 4299.379 27.113 0.674 1.187
 0   16   1 518 4299.436 27.210 0.731 1.196
 0   16   2 517 4298.416 25.403 -0.290 1.117
 0   16   3 476 4297.845 24.315 -0.861 1.114
 0   16   4 512 4299.523 27.357 0.818 1.209
 0   16   5 497 4296.736 22.008 -1.969 0.987
 0   16   6 516 4297.184 22.974 -1.521 1.011
 0   16   7 496 4298.040 24.695 -0.665 1.109
 0   16   8 528 4297.877 24.378 -0.829 1.061
 0   16   9 516 4298.221 25.039 -0.485 1.102
 0   16  10 494 4298.498 25.555 -0.207 1.150
 0   16  11 540 4298.539 25.630 -0.167 1.103
 0   16  12 508 4300.004 28.149 1.298 1.249
 0   16  13 558 4296.794 22.135 -1.912 0.937
 0   16  14 497 4297.167 22.938 -1.538 1.029
 0   16  15 516 4299.258 26.905 0.552 1.184
 0   16  16 532 4300.045 28.215 1.340 1.223
 0   16  17 506 4298.978 26.419 0.273 1.174
 0   16  18 498 4298.446 25.459 -0.260 1.141
 0   16  19 511 4299.957 28.073 1.251 1.242
 0   16  20 516 4300.502 28.938 1.796 1.274
 0   16  21 551 4300.350 28.701 1.645 1.223
 0   16  22 501 4298.621 25.780 -0.085 1.152
 0   16  23 516 4298.221 25.039 -0.485 1.102
 0   16  24 546 4297.879 24.382 -0.826 1.043
 0   16  25 490 4300.078 45.872 1.372 2.072
 0   16  26 551 4299.379 27.113 0.674 1.155
 0   16  27 551 4297.826 24.278 -0.880 1.034
 0   16  28 510 4298.084 24.779 -0.621 1.097
 0   16  29 490 4298.551 25.652 -0.154 1.159
 0   16  30 545 4297.497 23.622 -1.208 1.012
 0   16  31 481 4299.341 27.048 0.635 1.233
 0   16  32 491 4296.794 22.136 -1.911 0.999
 0   16  33 546 4296.899 22.366 -1.806 0.957
 0   16  34 511 4299.538 27.382 0.833 1.211
 0   16  35 501 4297.339 23.298 -1.366 1.041
 0   16  36 540 4296.756 22.051 -1.950 0.949
 0   16  37 503 4298.169 24.940 -0.536 1.112
 0   16  38 493 4298.077 24.765 -0.628 1.115
 0   16  39 496 4298.040 24.695 -0.665 1.109
 0   16  40 496 4296.530 21.546 -2.175 0.967
 0   16  41 523 4300.593 29.079 1.887 1.272
 0   16  42 528 4300.106 28.313 1.401 1.232
 0   16  43 518 4299.849 27.898 1.144 1.226
 0   16  44 521 4299.804 27.823 1.099 1.219
 0   16  45 497 4296.521 21.525 -2.184 0.966
 0   16  46 504 4297.520 23.668 -1.186 1.054
 0   16  47 511 4299.957 28.073 1.251 1.242
 0   16  48 535 4298.600 25.742 -0.105 1.113
 0   16  49 555 4297.205 23.019 -1.500 0.977
 0   16  50 515 4298.649 25.830 -0.057 1.138
 0   16  51 511 4299.329 27.027 0.623 1.196
 0   16  52 527 4301.137 29.902 2.431 1.303
 0   16  53 497 4298.889 26.262 0.184 1.178
 0   16  54 505 4297.721 24.071 -0.985 1.071
 0   16  55 551 4299.768 27.763 1.062 1.183
 0   16  56 519 4298.391 25.358 -0.314 1.113
 0   16  57 481 4296.894 22.354 -1.812 1.019
 0   16  58 520 4298.996 26.451 0.291 1.160
 0   16  59 501 4297.126 22.851 -1.580 1.021
 0   16  60 509 4298.937 26.347 0.232 1.168
 0   16  61 508 4298.951 26.371 0.245 1.170
 0   16  62 525 4298.726 25.970 0.020 1.133
 0   16  63 502 4298.608 25.756 -0.098 1.150
 0   16  64 558 4299.095 26.624 0.390 1.127
 0   16  65 487 4299.690 27.635 0.984 1.252
 0   16  66 534 4299.815 27.841 1.109 1.205
 0   16  67 558 4299.670 27.602 0.965 1.168
 0   16  68 502 4300.313 28.642 1.607 1.278
 0   16  69 523 4299.774 27.774 1.069 1.214
 0   16  70 524 4297.309 23.236 -1.396 1.015
 0   16  71 496 4298.040 24.695 -0.665 1.109
 0   16  72 512 4300.150 28.384 1.445 1.254
 0   16  73 486 4299.926 28.022 1.220 1.271
 0   16  74 508 4297.055 22.701 -1.650 1.007
 0   16  75 455 4297.879 24.382 -0.826 1.143
 0   16  76 477 4299.627 27.530 0.921 1.261
 0   16  77 497 4297.382 23.387 -1.323 1.049
 0   16  78 528 4297.877 24.378 -0.829 1.061
 0   16  79 507 4298.542 25.637 -0.163 1.139
 0   16  80 501 4297.766 24.161 -0.939 1.079
 0   16  81 502 4298.181 24.964 -0.524 1.114
 0   16  82 531 4298.650 25.832 -0.056 1.121
 0   16  83 488 4300.332 28.672 1.626 1.298
 0   16  84 482 4301.102 29.850 2.396 1.360
 0   16  85 500 4298.420 25.411 -0.285 1.136
 0   16  86 504 4298.794 26.092 0.088 1.162
 0   16  87 475 4299.208 26.821 0.503 1.231
 0   16  88 475 4296.956 22.488 -1.750 1.032
 0   16  89 498 4299.950 28.061 1.244 1.257
 0   16  90 523 4300.184 28.437 1.478 1.243
 0   16  91 501 4299.261 26.912 0.556 1.202
 0   16  92 510 4299.133 26.690 0.428 1.182
 0   16  93 497 4297.813 24.253 -0.893 1.088
 0   16  94 476 4297.395 23.413 -1.311 1.073
 0   16  95 501 4296.699 21.924 -2.007 0.980
 0   16  96 549 4298.042 24.698 -0.664 1.054
 0   16  97 527 4299.512 27.338 0.807 1.191
 0   16  98 559 4299.657 27.579 0.951 1.166
 0   16  99 553 4298.966 26.397 0.260 1.123
 0   16 100 520 4298.379 25.335 -0.327 1.111
 0   16 101 507 4297.909 24.441 -0.796 1.085
 0   16 102 526 4299.527 27.362 0.821 1.193
 0   16 103 507 4297.919 24.483 -0.786 1.087
 0   16 104 495 4300.863 29.492 2.157 1.326
 0   16 105 508 4298.951 26.371 0.245 1.170
 0   16 106 515 4298.025 24.666 -0.680 1.087
 0   16 107 524 4299.760 27.750 1.054 1.212
 0   16 108 519 4298.185 24.971 -0.521 1.096
 0   16 109 491 4299.845 27.891 1.140 1.259
 0   16 110 527 4300.528 28.978 1.822 1.262
 0   16 111 514 4298.870 26.227 0.164 1.157
 0   16 112 486 4298.385 25.346 -0.321 1.150
 0   16 113 531 4298.650 25.832 -0.056 1.121
 0   16 114 510 4296.616 21.739 -2.090 0.963
 0   16 115 485 4296.854 22.266 -1.852 1.011
 0   16 116 536 4300.185 28.439 1.479 1.228
 0   16 117 484 4298.632 25.800 -0.073 1.173
 0   16 118 527 4297.279 23.173 -1.427 1.009
 0   16 119 556 4297.773 24.175 -0.932 1.025
 0   16 120 514 4299.078 26.594 0.372 1.173
 0   16 121 517 4300.899 29.547 2.194 1.299
 0   16 122 489 4298.783 26.073 0.078 1.179
 0   16 123 548 4298.639 25.812 -0.067 1.103
 0   16 124 529 4298.473 25.508 -0.233 1.109
 0   16 125 515 4299.064 26.570 0.359 1.171
 0   16 126 478 4299.387 27.126 0.682 1.241
 0   16 127 501 4297.553 23.734 -1.153 1.060
 0   16 128 537 4298.575 25.697 -0.130 1.109
 0   16 129 542 4299.897 27.975 1.191 1.202
 0   16 130 518 4299.230 26.857 0.524 1.180
 0   16 131 499 4299.719 27.684 1.014 1.239
 0   16 132 486 4297.944 24.510 -0.761 1.112
 0   16 133 533 4298.223 25.043 -0.482 1.085
 0   16 134 449 4297.719 24.068 -0.986 1.136
 0   16 135 490 4299.643 27.557 0.937 1.245
 0   16 136 443 4300.695 29.237 1.990 1.389
 0   16 137 466 4298.659 25.849 -0.047 1.197
 0   16 138 491 4301.589 30.562 2.883 1.379
 0   16 139 525 4299.949 28.059 1.243 1.225
 0   16 140 446 4298.957 26.382 0.252 1.249
 0   16 141 545 4297.497 23.622 -1.208 1.012
 0   16 142 489 4297.689 24.008 -1.016 1.086
 0   16 143 546 4299.839 27.880 1.133 1.193
 0   16 144 553 4299.159 26.735 0.454 1.137
 0   16 145 520 4298.379 25.335 -0.327 1.111
 0   16 146 477 4299.627 27.530 0.921 1.261
 0   16 147 484 4299.738 27.714 1.032 1.260
 0   16 148 492 4296.132 20.617 -2.573 0.929
 0   16 149 546 4296.899 22.366 -1.806 0.957
 0   16 150 522 4297.739 24.108 -0.966 1.055
 0   16 151 529 4299.282 26.947 0.576 1.172
 0   16 152 535 4298.400 25.374 -0.305 1.097
 0   16 153 497 4299.535 27.377 0.830 1.228
 0   16 154 526 4299.323 27.018 0.618 1.178
 0   16 155 531 4297.642 23.914 -1.063 1.038
 0   16 156 480 4297.796 24.219 -0.910 1.105
 0   16 157 525 4299.949 28.059 1.243 1.225
 0   16 158 528 4299.093 26.620 0.387 1.158
 0   16 159 550 4299.587 27.464 0.882 1.171
 0   16 160 518 4296.338 21.103 -2.368 0.927
 0   16 161 505 4297.509 23.645 -1.197 1.052
 0   16 162 538 4296.574 21.646 -2.131 0.933
 0   16 163 528 4301.119 29.876 2.414 1.300
 0   16 164 487 4297.932 24.486 -0.773 1.110
 0   16 165 495 4299.133 26.690 0.428 1.200
 0   16 166 501 4297.339 23.298 -1.366 1.041
 0   16 167 512 4297.852 24.329 -0.854 1.075
 0   16 168 501 4297.553 23.734 -1.153 1.060
 0   16 169 515 4297.817 24.262 -0.888 1.069
 0   16 170 490 4297.022 22.631 -1.683 1.022
 0   16 171 532 4298.436 25.441 -0.269 1.103
 0   16 172 507 4297.065 22.722 -1.640 1.009
 0   16 173 520 4297.556 23.740 -1.150 1.041
 0   16 174 521 4300.010 28.158 1.304 1.234
 0   16 175 520 4299.613 27.508 0.908 1.206
 0   16 176 516 4296.977 22.533 -1.729 0.992
 0   16 177 508 4298.740 25.996 0.035 1.153
 0   16 178 507 4299.387 27.126 0.681 1.205
 0   16 179 515 4299.272 26.930 0.566 1.187
 0   16 180 514 4299.286 26.954 0.581 1.189
 0   16 181 502 4300.313 28.642 1.607 1.278
 0   16 182 520 4298.379 25.335 -0.327 1.111
 0   16 183 540 4299.530 27.367 0.824 1.178
 0   16 184 518 4299.849 27.898 1.144 1.226
 0   16 185 519 4298.185 24.971 -0.521 1.096
 0   16 186 511 4299.329 27.027 0.623 1.196
 0   16 187 514 4298.453 25.473 -0.252 1.124
 0   16 188 530 4298.460 25.486 -0.245 1.107
 0   16 189 534 4300.215 28.488 1.510 1.233
 0   16 190 511 4297.654 23.937 -1.052 1.059
 0   16 191 498 4298.446 25.459 -0.260 1.141
 0   16 192 498 4298.016 24.648 -0.689 1.105
 0   16 193 556 4298.736 25.987 0.030 1.102
 0   16 194 517 4300.899 29.547 2.194 1.299
 0   16 195 468 4299.774 27.773 1.068 1.284
 0   16 196 480 4301.140 29.907 2.434 1.365
 0   16 197 523 4299.774 27.774 1.069 1.214
 0   16 198 512 4297.852 24.329 -0.854 1.075
 0   16 199 491 4299.409 27.164 0.704 1.226
 0   16 200 512 4297.852 24.329 -0.854 1.075
 0   16 201 539 4299.544 27.391 0.838 1.180
 0   16 202 486 4298.165 24.932 -0.541 1.131
 0   16 203 549 4298.432 25.433 -0.274 1.085
 0   16 204 542 4296.738 22.012 -1.967 0.945
 0   16 205 531 4297.844 24.313 -0.862 1.055
 0   16 206 487 4297.932 24.486 -0.773 1.110
 0   16 207 511 4301.004 29.704 2.298 1.314
 0   16 208 518 4295.512 19.063 -3.194 0.838
 0   16 209 498 4298.016 24.648 -0.689 1.105
 0   16 210 558 4298.520 25.595 -0.186 1.084
 0   16 211 471 4296.544 21.576 -2.162 0.994
 0   16 212 490 4298.551 25.652 -0.154 1.159
 0   16 213 552 4299.560 27.418 0.854 1.167
 0   16 214 478 4300.059 28.237 1.353 1.292
 0   16 215 489 4295.720 19.601 -2.986 0.886
 0   16 216 490 4300.298 28.619 1.592 1.293
 0   16 217 518 4298.610 25.760 -0.095 1.132
 0   16 218 498 4299.520 27.351 0.815 1.226
 0   16 219 527 4299.106 26.643 0.401 1.161
 0   16 220 498 4296.727 21.987 -1.979 0.985
 0   16 221 526 4298.306 25.199 -0.399 1.099
 0   16 222 557 4296.803 22.154 -1.903 0.939
 0   16 223 476 4299.416 45.630 0.710 2.091
 0   16 224 512 4299.523 27.357 0.818 1.209
 0   16 225 539 4297.757 24.142 -0.949 1.040
 0   16 226 542 4299.897 27.975 1.191 1.202
 0   16 227 522 4298.149 24.903 -0.556 1.090
 0   16 228 530 4296.845 22.248 -1.860 0.966
 0   16 229 471 4299.042 26.532 0.337 1.223
 0   16 230 516 4299.880 27.947 1.174 1.230
 0   16 231 531 4298.448 25.463 -0.257 1.105
 0   16 232 527 4298.903 26.287 0.198 1.145
 0   16 233 550 4296.864 22.288 -1.842 0.950
 0   16 234 490 4302.043 47.738 3.337 2.157
 0   16 235 533 4298.826 26.148 0.120 1.133
 0   16 236 506 4299.613 27.506 0.907 1.223
 0   16 237 512 4299.523 27.357 0.818 1.209
 0   16 238 495 4298.917 26.311 0.212 1.183
 0   16 239 501 4298.407 25.387 -0.298 1.134
 0   16 240 489 4298.127 24.860 -0.579 1.124
 0   16 241 488 4298.797 26.098 0.092 1.181
 0   16 242 497 4301.473 30.395 2.767 1.363
 0   16 243 507 4298.542 25.637 -0.163 1.139
 0   16 244 511 4298.491 25.543 -0.214 1.130
 0   16 245 491 4299.627 27.531 0.922 1.242
 0   16 246 491 4299.627 27.531 0.922 1.242
 0   16 247 533 4297.621 23.872 -1.084 1.034
 0   16 248 529 4299.484 27.291 0.778 1.187
 0   16 249 490 4299.424 27.190 0.719 1.228
 0   16 250 555 4299.133 26.690 0.428 1.133
 0   16 251 502 4301.592 30.566 2.886 1.364
 0   16 252 508 4299.372 27.101 0.667 1.202
 0   16 253 509 4298.727 25.972 0.021 1.151
 0   16 254 504 4298.369 25.316 -0.336 1.128
 0   16 255 489 4297.689 24.008 -1.016 1.086

